<?xml version="1.0" encoding="UTF-8"?>
<testsuite xmlns:xsi="http://www.w3.org/2001/XMLSchema-instance" xsi:noNamespaceSchemaLocation="https://maven.apache.org/surefire/maven-surefire-plugin/xsd/surefire-test-report.xsd" name="de.fh.albsig.siemkeda.TestWeatherXmlCreatorMockito" time="0.084" tests="1" errors="1" skipped="0" failures="0">
  <properties>
[...]
</properties>
  <testcase name="testWeatherXmlCreator" classname="de.fh.albsig.siemkeda.TestWeatherXmlCreatorMockito" time="0.084">
    <error type="java.lang.NullPointerException">java.lang.NullPointerException
	at de.fh.albsig.siemkeda.TestWeatherXmlCreatorMockito.testWeatherXmlCreator(TestWeatherXmlCreatorMockito.java:26)
</error>
  </testcase>
</testsuite>